<?xml version="1.0" encoding="UTF-8"?>
<TestRun id="9b99070f-0b7a-43d3-853c-dace0a7c9525" name="ChetanBadhe@CHETANBADHE-PC 2014-09-16 22:35:34" runUser="ChetanBadhe-PC\ChetanBadhe" xmlns="http://microsoft.com/schemas/VisualStudio/TeamTest/2010">
  <TestSettings name="Local" id="15fb7c02-8048-47b3-ab4d-8203306c1aa3">
    <Description>These are default test settings for a local test run.</Description>
    <Deployment enabled="false" runDeploymentRoot="ChetanBadhe_CHETANBADHE-PC 2014-09-16 22_35_34">
      <DeploymentItem filename="C:\Users\ChetanBadhe.ChetanBadhe-PC\Desktop\KTLDemo\KTLDemo\bin\KTLDemo.dll" />
    </Deployment>
    <Execution>
      <TestTypeSpecific />
      <AgentRule name="Execution Agents">
      </AgentRule>
    </Execution>
  </TestSettings>
  <Times creation="2014-09-16T22:35:34.5915963-07:00" queuing="2014-09-16T22:35:40.0389079-07:00" start="2014-09-16T22:35:40.2399194-07:00" finish="2014-09-16T22:36:45.9066753-07:00" />
  <ResultSummary outcome="Error">
    <Counters total="1" executed="1" error="0" failed="0" timeout="0" aborted="1" inconclusive="0" passedButRunAborted="0" notRunnable="0" notExecuted="0" disconnected="0" warning="0" passed="0" completed="0" inProgress="0" pending="0" />
    <RunInfos>
      <RunInfo computerName="CHETANBADHE-PC" outcome="Error" timestamp="2014-09-16T22:36:45.9056752-07:00">
        <Text>Test host process exited unexpectedly.</Text>
      </RunInfo>
    </RunInfos>
  </ResultSummary>
  <TestDefinitions>
    <UnitTest name="TestMethod1" storage="c:\users\chetanbadhe.chetanbadhe-pc\desktop\ktldemo\testproject1\bin\debug\testproject1.dll" id="c906b79e-29e5-7017-de32-17653d58877b">
      <Execution id="fbdfbd93-a4c6-432f-8789-df284360c192" />
      <TestMethod codeBase="C:/Users/ChetanBadhe.ChetanBadhe-PC/Desktop/KTLDemo/TestProject1/bin/Debug/TestProject1.DLL" adapterTypeName="Microsoft.VisualStudio.TestTools.TestTypes.Unit.UnitTestAdapter, Microsoft.VisualStudio.QualityTools.Tips.UnitTest.Adapter, Version=10.0.0.0, Culture=neutral, PublicKeyToken=b03f5f7f11d50a3a" className="TestProject1._DefaultTest, TestProject1, Version=1.0.0.0, Culture=neutral, PublicKeyToken=null" name="TestMethod1" />
    </UnitTest>
  </TestDefinitions>
  <TestLists>
    <TestList name="Results Not in a List" id="8c84fa94-04c1-424b-9868-57a2d4851a1d" />
    <TestList name="All Loaded Results" id="19431567-8539-422a-85d7-44ee4e166bda" />
  </TestLists>
  <TestEntries>
    <TestEntry testId="c906b79e-29e5-7017-de32-17653d58877b" executionId="fbdfbd93-a4c6-432f-8789-df284360c192" testListId="8c84fa94-04c1-424b-9868-57a2d4851a1d" />
  </TestEntries>
  <Results>
    <UnitTestResult executionId="fbdfbd93-a4c6-432f-8789-df284360c192" testId="c906b79e-29e5-7017-de32-17653d58877b" testName="TestMethod1" computerName="CHETANBADHE-PC" duration="00:01:05.4827454" startTime="2014-09-16T22:35:40.4239299-07:00" endTime="2014-09-16T22:36:45.9066753-07:00" testType="13cdc9d9-ddb5-4fa4-a97d-d965ccfc6d4b" outcome="Aborted" testListId="8c84fa94-04c1-424b-9868-57a2d4851a1d" relativeResultsDirectory="fbdfbd93-a4c6-432f-8789-df284360c192">
    </UnitTestResult>
  </Results>
</TestRun>