<?xml version="1.0" encoding="UTF-8"?>
<TestRun id="d5319849-a466-4896-b8d2-45a5056baaf9" name="ChetanBadhe@CHETANBADHE-PC 2014-09-16 21:41:32" runUser="ChetanBadhe-PC\ChetanBadhe" xmlns="http://microsoft.com/schemas/VisualStudio/TeamTest/2010">
  <TestSettings name="Local" id="15fb7c02-8048-47b3-ab4d-8203306c1aa3">
    <Description>These are default test settings for a local test run.</Description>
    <Deployment enabled="false" runDeploymentRoot="ChetanBadhe_CHETANBADHE-PC 2014-09-16 21_41_32">
      <DeploymentItem filename="C:\Users\ChetanBadhe.ChetanBadhe-PC\Desktop\KTLDemo\KTLDemo\bin\KTLDemo.dll" />
    </Deployment>
    <Execution>
      <TestTypeSpecific />
      <AgentRule name="Execution Agents">
      </AgentRule>
    </Execution>
  </TestSettings>
  <Times creation="2014-09-16T21:41:32.2001421-07:00" queuing="2014-09-16T21:41:33.3762094-07:00" start="2014-09-16T21:41:33.4782152-07:00" finish="2014-09-16T21:41:34.7132859-07:00" />
  <ResultSummary outcome="Error">
    <Counters total="1" executed="1" error="1" failed="0" timeout="0" aborted="0" inconclusive="0" passedButRunAborted="0" notRunnable="0" notExecuted="0" disconnected="0" warning="0" passed="0" completed="0" inProgress="0" pending="0" />
  </ResultSummary>
  <TestDefinitions>
    <UnitTest name="GetDataTest" storage="c:\users\chetanbadhe.chetanbadhe-pc\desktop\ktldemo\unittest\bin\debug\unittest.dll" id="df47d88f-8b50-1fd2-214c-51c0d8337c6a">
      <Execution id="0babb02c-23ae-45e0-8e60-032c091eba20" />
      <TestMethod codeBase="C:/Users/ChetanBadhe.ChetanBadhe-PC/Desktop/KTLDemo/UnitTest/bin/Debug/UnitTest.DLL" adapterTypeName="Microsoft.VisualStudio.TestTools.TestTypes.Unit.UnitTestAdapter, Microsoft.VisualStudio.QualityTools.Tips.UnitTest.Adapter, Version=10.0.0.0, Culture=neutral, PublicKeyToken=b03f5f7f11d50a3a" className="UnitTest._DefaultTest, UnitTest, Version=1.0.0.0, Culture=neutral, PublicKeyToken=null" name="GetDataTest" />
      <AspNet webSiteUrl="http://localhost:50796/Default.aspx">
        <Host pathToWebApp="C:\Users\ChetanBadhe.ChetanBadhe-PC\Desktop" webAppRoot="/" />
      </AspNet>
    </UnitTest>
  </TestDefinitions>
  <TestLists>
    <TestList name="Results Not in a List" id="8c84fa94-04c1-424b-9868-57a2d4851a1d" />
    <TestList name="All Loaded Results" id="19431567-8539-422a-85d7-44ee4e166bda" />
  </TestLists>
  <TestEntries>
    <TestEntry testId="df47d88f-8b50-1fd2-214c-51c0d8337c6a" executionId="0babb02c-23ae-45e0-8e60-032c091eba20" testListId="8c84fa94-04c1-424b-9868-57a2d4851a1d" />
  </TestEntries>
  <Results>
    <UnitTestResult executionId="0babb02c-23ae-45e0-8e60-032c091eba20" testId="df47d88f-8b50-1fd2-214c-51c0d8337c6a" testName="GetDataTest" computerName="CHETANBADHE-PC" duration="00:00:00.5160295" startTime="2014-09-16T21:41:34.1542539-07:00" endTime="2014-09-16T21:41:34.6702834-07:00" testType="13cdc9d9-ddb5-4fa4-a97d-d965ccfc6d4b" testListId="8c84fa94-04c1-424b-9868-57a2d4851a1d" relativeResultsDirectory="0babb02c-23ae-45e0-8e60-032c091eba20">
      <Output>
        <ErrorInfo>
          <Message>The test adapter 'WebHostAdapter' threw an exception while running test 'GetDataTest'. The web site could not be configured correctly; getting ASP.NET process information failed. Requesting 'http://localhost:50796/VSEnterpriseHelper.axd' returned an error: The remote server returned an error: (404) Not Found.
The remote server returned an error: (404) Not Found.</Message>
        </ErrorInfo>
      </Output>
    </UnitTestResult>
  </Results>
</TestRun>