<?xml version="1.0" encoding="UTF-8"?>
<TestRun id="e2a79785-cf6f-4889-9169-cc2314dce9cb" name="ChetanBadhe@CHETANBADHE-PC 2014-09-16 21:48:42" runUser="ChetanBadhe-PC\ChetanBadhe" xmlns="http://microsoft.com/schemas/VisualStudio/TeamTest/2010">
  <TestSettings name="Local" id="15fb7c02-8048-47b3-ab4d-8203306c1aa3">
    <Description>These are default test settings for a local test run.</Description>
    <Deployment enabled="false" runDeploymentRoot="ChetanBadhe_CHETANBADHE-PC 2014-09-16 21_48_42">
      <DeploymentItem filename="C:\Users\ChetanBadhe.ChetanBadhe-PC\Desktop\KTLDemo\KTLDemo\bin\KTLDemo.dll" />
    </Deployment>
    <Execution>
      <TestTypeSpecific />
      <AgentRule name="Execution Agents">
      </AgentRule>
    </Execution>
  </TestSettings>
  <Times creation="2014-09-16T21:48:42.1417334-07:00" queuing="2014-09-16T21:48:45.0689008-07:00" start="2014-09-16T21:48:45.2419107-07:00" finish="2014-09-16T21:48:47.4400364-07:00" />
  <ResultSummary outcome="Failed">
    <Counters total="1" executed="1" error="0" failed="1" timeout="0" aborted="0" inconclusive="0" passedButRunAborted="0" notRunnable="0" notExecuted="0" disconnected="0" warning="0" passed="0" completed="0" inProgress="0" pending="0" />
  </ResultSummary>
  <TestDefinitions>
    <UnitTest name="GetDataTest" storage="c:\users\chetanbadhe.chetanbadhe-pc\desktop\ktldemo\unittest\bin\debug\unittest.dll" id="df47d88f-8b50-1fd2-214c-51c0d8337c6a">
      <Execution id="b9ccabba-a298-4cf4-b64f-2815d149d185" />
      <TestMethod codeBase="C:/Users/ChetanBadhe.ChetanBadhe-PC/Desktop/KTLDemo/UnitTest/bin/Debug/UnitTest.DLL" adapterTypeName="Microsoft.VisualStudio.TestTools.TestTypes.Unit.UnitTestAdapter, Microsoft.VisualStudio.QualityTools.Tips.UnitTest.Adapter, Version=10.0.0.0, Culture=neutral, PublicKeyToken=b03f5f7f11d50a3a" className="UnitTest._DefaultTest, UnitTest, Version=1.0.0.0, Culture=neutral, PublicKeyToken=null" name="GetDataTest" />
      <AspNet webSiteUrl="http://localhost:50796/Default.aspx" />
    </UnitTest>
  </TestDefinitions>
  <TestLists>
    <TestList name="Results Not in a List" id="8c84fa94-04c1-424b-9868-57a2d4851a1d" />
    <TestList name="All Loaded Results" id="19431567-8539-422a-85d7-44ee4e166bda" />
  </TestLists>
  <TestEntries>
    <TestEntry testId="df47d88f-8b50-1fd2-214c-51c0d8337c6a" executionId="b9ccabba-a298-4cf4-b64f-2815d149d185" testListId="8c84fa94-04c1-424b-9868-57a2d4851a1d" />
  </TestEntries>
  <Results>
    <UnitTestResult executionId="b9ccabba-a298-4cf4-b64f-2815d149d185" testId="df47d88f-8b50-1fd2-214c-51c0d8337c6a" testName="GetDataTest" computerName="CHETANBADHE-PC" startTime="2014-09-16T21:48:46.1739640-07:00" endTime="2014-09-16T21:48:47.3610319-07:00" testType="13cdc9d9-ddb5-4fa4-a97d-d965ccfc6d4b" outcome="Failed" testListId="8c84fa94-04c1-424b-9868-57a2d4851a1d" relativeResultsDirectory="b9ccabba-a298-4cf4-b64f-2815d149d185">
      <Output>
        <ErrorInfo>
          <Message>The URL specified ('http://localhost:50796/Default.aspx') does not correspond to a valid directory. Tests configured to run in ASP.NET in IIS require a valid directory to exist for the URL. The URL may be invalid or may not point to a valid Web application.</Message>
        </ErrorInfo>
      </Output>
    </UnitTestResult>
  </Results>
</TestRun>