<?xml version="1.0" encoding="UTF-8"?>
<TestRun id="8cc8e666-0d7a-4f09-b1e4-f0fbc8340152" name="Chetan@CHETANBADHE-PC 2014-09-16 23:14:05" runUser="ChetanBadhe-PC\Chetan" xmlns="http://microsoft.com/schemas/VisualStudio/TeamTest/2010">
  <TestSettings name="Local" id="15fb7c02-8048-47b3-ab4d-8203306c1aa3">
    <Description>These are default test settings for a local test run.</Description>
    <Deployment enabled="false" runDeploymentRoot="Chetan_CHETANBADHE-PC 2014-09-16 23_14_05">
      <DeploymentItem filename="C:\Users\Chetan\Desktop\KTLDemo\KTLDemo\bin\KTLDemo.dll" />
    </Deployment>
    <Execution>
      <TestTypeSpecific />
      <AgentRule name="Execution Agents">
      </AgentRule>
    </Execution>
  </TestSettings>
  <Times creation="2014-09-16T23:14:05.3947667-07:00" queuing="2014-09-16T23:14:06.2938181-07:00" start="2014-09-16T23:14:06.3888235-07:00" finish="2014-09-16T23:15:12.1545851-07:00" />
  <ResultSummary outcome="Error">
    <Counters total="2" executed="2" passed="1" error="0" failed="0" timeout="0" aborted="1" inconclusive="0" passedButRunAborted="0" notRunnable="0" notExecuted="0" disconnected="0" warning="0" completed="0" inProgress="0" pending="0" />
    <RunInfos>
      <RunInfo computerName="CHETANBADHE-PC" outcome="Error" timestamp="2014-09-16T23:15:12.1535851-07:00">
        <Text>Test host process exited unexpectedly.</Text>
      </RunInfo>
    </RunInfos>
  </ResultSummary>
  <TestDefinitions>
    <UnitTest name="TestMethod1" storage="c:\users\chetan\desktop\ktldemo\testproject1\bin\debug\testproject1.dll" id="c906b79e-29e5-7017-de32-17653d58877b">
      <Execution id="ce62e4c1-d28b-4c13-b675-6bfb4654d41a" />
      <TestMethod codeBase="C:/Users/Chetan/Desktop/KTLDemo/TestProject1/bin/Debug/TestProject1.DLL" adapterTypeName="Microsoft.VisualStudio.TestTools.TestTypes.Unit.UnitTestAdapter, Microsoft.VisualStudio.QualityTools.Tips.UnitTest.Adapter, Version=10.0.0.0, Culture=neutral, PublicKeyToken=b03f5f7f11d50a3a" className="TestProject1._DefaultTest, TestProject1, Version=1.0.0.0, Culture=neutral, PublicKeyToken=null" name="TestMethod1" />
    </UnitTest>
    <UnitTest name="CreateDataContext_ConnectionString_ReturnsDataContextObject" storage="c:\users\chetan\desktop\ktldemo\testproject1\bin\debug\testproject1.dll" id="452ff378-94b3-5a6a-6cdb-ebb55fc590e6">
      <Execution id="651d358d-e13d-4e24-be2b-de0ee35a33a0" />
      <TestMethod codeBase="C:/Users/Chetan/Desktop/KTLDemo/TestProject1/bin/Debug/TestProject1.DLL" adapterTypeName="Microsoft.VisualStudio.TestTools.TestTypes.Unit.UnitTestAdapter, Microsoft.VisualStudio.QualityTools.Tips.UnitTest.Adapter, Version=10.0.0.0, Culture=neutral, PublicKeyToken=b03f5f7f11d50a3a" className="TestProject1._DefaultTest, TestProject1, Version=1.0.0.0, Culture=neutral, PublicKeyToken=null" name="CreateDataContext_ConnectionString_ReturnsDataContextObject" />
    </UnitTest>
  </TestDefinitions>
  <TestLists>
    <TestList name="Results Not in a List" id="8c84fa94-04c1-424b-9868-57a2d4851a1d" />
    <TestList name="All Loaded Results" id="19431567-8539-422a-85d7-44ee4e166bda" />
  </TestLists>
  <TestEntries>
    <TestEntry testId="452ff378-94b3-5a6a-6cdb-ebb55fc590e6" executionId="651d358d-e13d-4e24-be2b-de0ee35a33a0" testListId="8c84fa94-04c1-424b-9868-57a2d4851a1d" />
    <TestEntry testId="c906b79e-29e5-7017-de32-17653d58877b" executionId="ce62e4c1-d28b-4c13-b675-6bfb4654d41a" testListId="8c84fa94-04c1-424b-9868-57a2d4851a1d" />
  </TestEntries>
  <Results>
    <UnitTestResult executionId="651d358d-e13d-4e24-be2b-de0ee35a33a0" testId="452ff378-94b3-5a6a-6cdb-ebb55fc590e6" testName="CreateDataContext_ConnectionString_ReturnsDataContextObject" computerName="CHETANBADHE-PC" duration="00:00:10.7221276" startTime="2014-09-16T23:14:06.4868291-07:00" endTime="2014-09-16T23:14:18.2615026-07:00" testType="13cdc9d9-ddb5-4fa4-a97d-d965ccfc6d4b" outcome="Passed" testListId="8c84fa94-04c1-424b-9868-57a2d4851a1d" relativeResultsDirectory="651d358d-e13d-4e24-be2b-de0ee35a33a0">
    </UnitTestResult>
    <UnitTestResult executionId="ce62e4c1-d28b-4c13-b675-6bfb4654d41a" testId="c906b79e-29e5-7017-de32-17653d58877b" testName="TestMethod1" computerName="CHETANBADHE-PC" duration="00:00:53.8420796" startTime="2014-09-16T23:14:18.3125055-07:00" endTime="2014-09-16T23:15:12.1545851-07:00" testType="13cdc9d9-ddb5-4fa4-a97d-d965ccfc6d4b" outcome="Aborted" testListId="8c84fa94-04c1-424b-9868-57a2d4851a1d" relativeResultsDirectory="ce62e4c1-d28b-4c13-b675-6bfb4654d41a">
    </UnitTestResult>
  </Results>
</TestRun>