<?xml version="1.0" encoding="UTF-8"?>
<TestRun id="56b9d512-bc43-4c51-8300-caaef8f636cf" name="Chetan@CHETANBADHE-PC 2014-09-16 23:16:54" runUser="ChetanBadhe-PC\Chetan" xmlns="http://microsoft.com/schemas/VisualStudio/TeamTest/2010">
  <TestSettings name="Local" id="15fb7c02-8048-47b3-ab4d-8203306c1aa3">
    <Description>These are default test settings for a local test run.</Description>
    <Deployment enabled="false" runDeploymentRoot="Chetan_CHETANBADHE-PC 2014-09-16 23_16_54">
      <DeploymentItem filename="C:\Users\Chetan\Desktop\KTLDemo\KTLDemo\bin\KTLDemo.dll" />
    </Deployment>
    <Execution>
      <TestTypeSpecific />
      <AgentRule name="Execution Agents">
      </AgentRule>
    </Execution>
  </TestSettings>
  <Times creation="2014-09-16T23:16:54.2324236-07:00" queuing="2014-09-16T23:16:54.2784263-07:00" start="2014-09-16T23:16:54.2874268-07:00" finish="2014-09-16T23:16:54.5134397-07:00" />
  <ResultSummary outcome="Completed">
    <Counters total="1" executed="1" passed="1" error="0" failed="0" timeout="0" aborted="0" inconclusive="0" passedButRunAborted="0" notRunnable="0" notExecuted="0" disconnected="0" warning="0" completed="0" inProgress="0" pending="0" />
  </ResultSummary>
  <TestDefinitions>
    <UnitTest name="TestMethod1" storage="c:\users\chetan\desktop\ktldemo\testproject1\bin\debug\testproject1.dll" id="c906b79e-29e5-7017-de32-17653d58877b">
      <Execution id="8da33131-7502-4183-8e46-4f478a198588" />
      <TestMethod codeBase="C:/Users/Chetan/Desktop/KTLDemo/TestProject1/bin/Debug/TestProject1.DLL" adapterTypeName="Microsoft.VisualStudio.TestTools.TestTypes.Unit.UnitTestAdapter, Microsoft.VisualStudio.QualityTools.Tips.UnitTest.Adapter, Version=10.0.0.0, Culture=neutral, PublicKeyToken=b03f5f7f11d50a3a" className="TestProject1._DefaultTest, TestProject1, Version=1.0.0.0, Culture=neutral, PublicKeyToken=null" name="TestMethod1" />
    </UnitTest>
  </TestDefinitions>
  <TestLists>
    <TestList name="Results Not in a List" id="8c84fa94-04c1-424b-9868-57a2d4851a1d" />
    <TestList name="All Loaded Results" id="19431567-8539-422a-85d7-44ee4e166bda" />
  </TestLists>
  <TestEntries>
    <TestEntry testId="c906b79e-29e5-7017-de32-17653d58877b" executionId="8da33131-7502-4183-8e46-4f478a198588" testListId="8c84fa94-04c1-424b-9868-57a2d4851a1d" />
  </TestEntries>
  <Results>
    <UnitTestResult executionId="8da33131-7502-4183-8e46-4f478a198588" testId="c906b79e-29e5-7017-de32-17653d58877b" testName="TestMethod1" computerName="CHETANBADHE-PC" duration="00:00:00.0458270" startTime="2014-09-16T23:16:54.3004275-07:00" endTime="2014-09-16T23:16:54.5014390-07:00" testType="13cdc9d9-ddb5-4fa4-a97d-d965ccfc6d4b" outcome="Passed" testListId="8c84fa94-04c1-424b-9868-57a2d4851a1d" relativeResultsDirectory="8da33131-7502-4183-8e46-4f478a198588">
    </UnitTestResult>
  </Results>
</TestRun>